0 info it worked if it ends with ok
1 verbose cli [ '/usr/local/bin/node', '/usr/local/bin/npm', 'start' ]
2 info using npm@3.8.9
3 info using node@v6.2.0
4 verbose run-script [ 'prestart', 'start', 'poststart' ]
5 info lifecycle react-todo@0.0.1~prestart: react-todo@0.0.1
6 silly lifecycle react-todo@0.0.1~prestart: no script for prestart, continuing
7 info lifecycle react-todo@0.0.1~start: react-todo@0.0.1
8 verbose lifecycle react-todo@0.0.1~start: unsafe-perm in lifecycle true
9 verbose lifecycle react-todo@0.0.1~start: PATH: /usr/local/lib/node_modules/npm/bin/node-gyp-bin:/Users/n0m4dz/Workspace/Training/react-todo/node_modules/.bin:/usr/local/bin:/usr/local/sbin:/usr/local/opt/php70/bin:/Users/n0m4dz/.npm-packages/bin:/usr/local/go/bin:/usr/local/mysql/bin:/usr/bin:/bin:/usr/sbin:/sbin:/usr/local/bin:/Users/n0m4dz/.composer/vendor/bin
10 verbose lifecycle react-todo@0.0.1~start: CWD: /Users/n0m4dz/Workspace/Training/react-todo
11 silly lifecycle react-todo@0.0.1~start: Args: [ '-c', 'node .' ]
12 silly lifecycle react-todo@0.0.1~start: Returned: code: 1  signal: null
13 info lifecycle react-todo@0.0.1~start: Failed to exec start script
14 verbose stack Error: react-todo@0.0.1 start: `node .`
14 verbose stack Exit status 1
14 verbose stack     at EventEmitter.<anonymous> (/usr/local/lib/node_modules/npm/lib/utils/lifecycle.js:245:16)
14 verbose stack     at emitTwo (events.js:106:13)
14 verbose stack     at EventEmitter.emit (events.js:191:7)
14 verbose stack     at ChildProcess.<anonymous> (/usr/local/lib/node_modules/npm/lib/utils/spawn.js:24:14)
14 verbose stack     at emitTwo (events.js:106:13)
14 verbose stack     at ChildProcess.emit (events.js:191:7)
14 verbose stack     at maybeClose (internal/child_process.js:850:16)
14 verbose stack     at Process.ChildProcess._handle.onexit (internal/child_process.js:215:5)
15 verbose pkgid react-todo@0.0.1
16 verbose cwd /Users/n0m4dz/Workspace/Training/react-todo
17 error Darwin 16.1.0
18 error argv "/usr/local/bin/node" "/usr/local/bin/npm" "start"
19 error node v6.2.0
20 error npm  v3.8.9
21 error code ELIFECYCLE
22 error react-todo@0.0.1 start: `node .`
22 error Exit status 1
23 error Failed at the react-todo@0.0.1 start script 'node .'.
23 error Make sure you have the latest version of node.js and npm installed.
23 error If you do, this is most likely a problem with the react-todo package,
23 error not with npm itself.
23 error Tell the author that this fails on your system:
23 error     node .
23 error You can get information on how to open an issue for this project with:
23 error     npm bugs react-todo
23 error Or if that isn't available, you can get their info via:
23 error     npm owner ls react-todo
23 error There is likely additional logging output above.
24 verbose exit [ 1, true ]
